  stdafx.cpp
  Str.cpp
c:\program files (x86)\microsoft visual studio\2017\community\vc\tools\msvc\14.10.25017\include\memory(53): warning C4996: 'std::uninitialized_copy::_Unchecked_iterators::_Deprecate': Call to 'std::uninitialized_copy' with parameters that may be unsafe - this call relies on the caller to check that the passed values are correct. To disable this warning, use -D_SCL_SECURE_NO_WARNINGS. See documentation on how to use Visual C++ 'Checked Iterators'
  c:\program files (x86)\microsoft visual studio\2017\community\vc\tools\msvc\14.10.25017\include\memory(53): note: voir la déclaration de 'std::uninitialized_copy::_Unchecked_iterators::_Deprecate'
  d:\projets\c++\chapter12\chapter12.7\chapter12.7\str.cpp(18): note: voir la référence à l'instanciation de la fonction modèle '_FwdIt std::uninitialized_copy<Str::iterator,Str::iterator>(_InIt,_InIt,_FwdIt)' en cours de compilation
          with
          [
              _FwdIt=Str::iterator,
              _InIt=Str::iterator
          ]
c:\program files (x86)\microsoft visual studio\2017\community\vc\tools\msvc\14.10.25017\include\xutility(2350): warning C4996: 'std::copy::_Unchecked_iterators::_Deprecate': Call to 'std::copy' with parameters that may be unsafe - this call relies on the caller to check that the passed values are correct. To disable this warning, use -D_SCL_SECURE_NO_WARNINGS. See documentation on how to use Visual C++ 'Checked Iterators'
  c:\program files (x86)\microsoft visual studio\2017\community\vc\tools\msvc\14.10.25017\include\xutility(2350): note: voir la déclaration de 'std::copy::_Unchecked_iterators::_Deprecate'
  d:\projets\c++\chapter12\chapter12.7\chapter12.7\str.cpp(84): note: voir la référence à l'instanciation de la fonction modèle '_OutIt std::copy<Str::iterator,Str::iterator>(_InIt,_InIt,_OutIt)' en cours de compilation
          with
          [
              _OutIt=Str::iterator,
              _InIt=Str::iterator
          ]
  chapter12.7.cpp
c:\program files (x86)\microsoft visual studio\2017\community\vc\tools\msvc\14.10.25017\include\memory(53): warning C4996: 'std::uninitialized_copy::_Unchecked_iterators::_Deprecate': Call to 'std::uninitialized_copy' with parameters that may be unsafe - this call relies on the caller to check that the passed values are correct. To disable this warning, use -D_SCL_SECURE_NO_WARNINGS. See documentation on how to use Visual C++ 'Checked Iterators'
  c:\program files (x86)\microsoft visual studio\2017\community\vc\tools\msvc\14.10.25017\include\memory(53): note: voir la déclaration de 'std::uninitialized_copy::_Unchecked_iterators::_Deprecate'
  d:\projets\c++\chapter12\chapter12.7\chapter12.7\str.h(106): note: voir la référence à l'instanciation de la fonction modèle '_FwdIt std::uninitialized_copy<In,Str::iterator>(_InIt,_InIt,_FwdIt)' en cours de compilation
          with
          [
              _FwdIt=Str::iterator,
              In=Str::const_iterator,
              _InIt=Str::const_iterator
          ]
  d:\projets\c++\chapter12\chapter12.7\chapter12.7\str.h(23): note: voir la référence à l'instanciation de la fonction modèle 'void Str::create<Str::const_iterator>(In,In)' en cours de compilation
          with
          [
              In=Str::const_iterator
          ]
  Génération de code en cours...
  chapter12.7.vcxproj -> D:\Projets\C++\Chapter12\chapter12.7\Debug\chapter12.7.exe
  chapter12.7.vcxproj -> D:\Projets\C++\Chapter12\chapter12.7\Debug\chapter12.7.pdb (Partial PDB)
