  chapter12.13.cpp
c:\program files (x86)\microsoft visual studio\2017\community\vc\tools\msvc\14.10.25017\include\memory(53): warning C4996: 'std::uninitialized_copy::_Unchecked_iterators::_Deprecate': Call to 'std::uninitialized_copy' with parameters that may be unsafe - this call relies on the caller to check that the passed values are correct. To disable this warning, use -D_SCL_SECURE_NO_WARNINGS. See documentation on how to use Visual C++ 'Checked Iterators'
  c:\program files (x86)\microsoft visual studio\2017\community\vc\tools\msvc\14.10.25017\include\memory(53): note: voir la déclaration de 'std::uninitialized_copy::_Unchecked_iterators::_Deprecate'
  d:\projets\c++\chapter12\chapter12.13\chapter12.13\vec.h(149): note: voir la référence à l'instanciation de la fonction modèle '_FwdIt *std::uninitialized_copy<const char*,char*>(_InIt,_InIt,_FwdIt)' en cours de compilation
          with
          [
              _FwdIt=char *,
              _InIt=const char *
          ]
  d:\projets\c++\chapter12\chapter12.13\chapter12.13\vec.h(144): note: pendant la compilation de la fonction membre '<Inconnu>' (classe <Inconnu>)
  d:\projets\c++\chapter12\chapter12.13\chapter12.13\vec.h(259): note: voir la référence à l'instanciation de la fonction modèle 'void Vec<char>::create(const char *,const char *)' en cours de compilation
  d:\projets\c++\chapter12\chapter12.13\chapter12.13\vec.h(137): note: pendant la compilation de la fonction membre '<Inconnu>' (classe <Inconnu>)
  d:\projets\c++\chapter12\chapter12.13\chapter12.13\vec.h(44): note: voir la référence à l'instanciation de la fonction modèle 'void Vec<char>::create(Vec<char>::size_type,const T &)' en cours de compilation
          with
          [
              T=char
          ]
  d:\projets\c++\chapter12\chapter12.13\chapter12.13\chapter12.13.cpp(13): note: voir la référence à l'instanciation de classe modèle 'Vec<char>' en cours de compilation
  chapter12.13.vcxproj -> D:\Projets\C++\Chapter12\chapter12.13\Debug\chapter12.13.exe
  chapter12.13.vcxproj -> D:\Projets\C++\Chapter12\chapter12.13\Debug\chapter12.13.pdb (Partial PDB)
